<?xml version="1.0" encoding="UTF-8"?>
<!-- Generated by org.testng.reporters.JUnitReportReporter -->
<testsuite hostname="FarazZalim" failures="0" tests="1" name="com.ShoppersStack_TestScripts.Verify_user_is_able_to_add_address_or_not_Test" time="14.804" errors="0" timestamp="2024-07-30T13:33:55 IST" skipped="0">
  <testcase classname="com.ShoppersStack_TestScripts.Verify_user_is_able_to_add_address_or_not_Test" name="addAddress" time="14.804"/>
</testsuite> <!-- com.ShoppersStack_TestScripts.Verify_user_is_able_to_add_address_or_not_Test -->
