<?xml version="1.0" encoding="UTF-8"?>
<!-- Generated by org.testng.reporters.JUnitReportReporter -->
<testsuite hostname="FarazZalim" failures="0" tests="1" name="com.ShoppersStack_TestScripts.Verify_user_is_able_to_deleteAddress_or_not" time="17.626" errors="0" timestamp="2024-07-28T08:50:33 IST" skipped="0">
  <testcase classname="com.ShoppersStack_TestScripts.Verify_user_is_able_to_deleteAddress_or_not" name="deleteAddress" time="17.626"/>
</testsuite> <!-- com.ShoppersStack_TestScripts.Verify_user_is_able_to_deleteAddress_or_not -->
