<?xml version="1.0" encoding="UTF-8"?>
<!-- Generated by org.testng.reporters.JUnitReportReporter -->
<testsuite hostname="FarazZalim" failures="0" tests="1" name="com.ShoppersStack_TestScripts.Verify_user_is_able_to_modifyAddress_or_not" time="23.797" errors="0" timestamp="2024-07-30T08:11:44 IST" skipped="0">
  <testcase classname="com.ShoppersStack_TestScripts.Verify_user_is_able_to_modifyAddress_or_not" name="editAddress" time="23.797"/>
</testsuite> <!-- com.ShoppersStack_TestScripts.Verify_user_is_able_to_modifyAddress_or_not -->
